ARM GAS  /tmp/ccKJRyfT.s 			page 1


   1              		.cpu cortex-m7
   2              		.eabi_attribute 28, 1
   3              		.eabi_attribute 20, 1
   4              		.eabi_attribute 21, 1
   5              		.eabi_attribute 23, 3
   6              		.eabi_attribute 24, 1
   7              		.eabi_attribute 25, 1
   8              		.eabi_attribute 26, 1
   9              		.eabi_attribute 30, 1
  10              		.eabi_attribute 34, 1
  11              		.eabi_attribute 18, 4
  12              		.file	"gpio.c"
  13              		.text
  14              	.Ltext0:
  15              		.cfi_sections	.debug_frame
  16              		.section	.text.MX_GPIO_Init,"ax",%progbits
  17              		.align	1
  18              		.global	MX_GPIO_Init
  19              		.arch armv7e-m
  20              		.syntax unified
  21              		.thumb
  22              		.thumb_func
  23              		.fpu fpv5-d16
  25              	MX_GPIO_Init:
  26              	.LFB144:
  27              		.file 1 "Core/Src/gpio.c"
   1:Core/Src/gpio.c **** /* USER CODE BEGIN Header */
   2:Core/Src/gpio.c **** /**
   3:Core/Src/gpio.c ****   ******************************************************************************
   4:Core/Src/gpio.c ****   * @file    gpio.c
   5:Core/Src/gpio.c ****   * @brief   This file provides code for the configuration
   6:Core/Src/gpio.c ****   *          of all used GPIO pins.
   7:Core/Src/gpio.c ****   ******************************************************************************
   8:Core/Src/gpio.c ****   * @attention
   9:Core/Src/gpio.c ****   *
  10:Core/Src/gpio.c ****   * Copyright (c) 2023 STMicroelectronics.
  11:Core/Src/gpio.c ****   * All rights reserved.
  12:Core/Src/gpio.c ****   *
  13:Core/Src/gpio.c ****   * This software is licensed under terms that can be found in the LICENSE file
  14:Core/Src/gpio.c ****   * in the root directory of this software component.
  15:Core/Src/gpio.c ****   * If no LICENSE file comes with this software, it is provided AS-IS.
  16:Core/Src/gpio.c ****   *
  17:Core/Src/gpio.c ****   ******************************************************************************
  18:Core/Src/gpio.c ****   */
  19:Core/Src/gpio.c **** /* USER CODE END Header */
  20:Core/Src/gpio.c **** 
  21:Core/Src/gpio.c **** /* Includes ------------------------------------------------------------------*/
  22:Core/Src/gpio.c **** #include "gpio.h"
  23:Core/Src/gpio.c **** 
  24:Core/Src/gpio.c **** /* USER CODE BEGIN 0 */
  25:Core/Src/gpio.c **** 
  26:Core/Src/gpio.c **** /* USER CODE END 0 */
  27:Core/Src/gpio.c **** 
  28:Core/Src/gpio.c **** /*----------------------------------------------------------------------------*/
  29:Core/Src/gpio.c **** /* Configure GPIO                                                             */
  30:Core/Src/gpio.c **** /*----------------------------------------------------------------------------*/
  31:Core/Src/gpio.c **** /* USER CODE BEGIN 1 */
ARM GAS  /tmp/ccKJRyfT.s 			page 2


  32:Core/Src/gpio.c **** 
  33:Core/Src/gpio.c **** /* USER CODE END 1 */
  34:Core/Src/gpio.c **** 
  35:Core/Src/gpio.c **** /** Configure pins
  36:Core/Src/gpio.c ****      PA14 (JTCK/SWCLK)   ------> DEBUG_JTCK-SWCLK
  37:Core/Src/gpio.c ****      PA13 (JTMS/SWDIO)   ------> DEBUG_JTMS-SWDIO
  38:Core/Src/gpio.c ****      PH1-OSC_OUT (PH1)   ------> RCC_OSC_OUT
  39:Core/Src/gpio.c ****      PH0-OSC_IN (PH0)   ------> RCC_OSC_IN
  40:Core/Src/gpio.c **** */
  41:Core/Src/gpio.c **** void MX_GPIO_Init(void)
  42:Core/Src/gpio.c **** {
  28              		.loc 1 42 1 view -0
  29              		.cfi_startproc
  30              		@ args = 0, pretend = 0, frame = 32
  31              		@ frame_needed = 0, uses_anonymous_args = 0
  32 0000 30B5     		push	{r4, r5, lr}
  33              	.LCFI0:
  34              		.cfi_def_cfa_offset 12
  35              		.cfi_offset 4, -12
  36              		.cfi_offset 5, -8
  37              		.cfi_offset 14, -4
  38 0002 89B0     		sub	sp, sp, #36
  39              	.LCFI1:
  40              		.cfi_def_cfa_offset 48
  43:Core/Src/gpio.c **** 
  44:Core/Src/gpio.c ****   GPIO_InitTypeDef GPIO_InitStruct = {0};
  41              		.loc 1 44 3 view .LVU1
  42              		.loc 1 44 20 is_stmt 0 view .LVU2
  43 0004 0024     		movs	r4, #0
  44 0006 0394     		str	r4, [sp, #12]
  45 0008 0494     		str	r4, [sp, #16]
  46 000a 0594     		str	r4, [sp, #20]
  47 000c 0694     		str	r4, [sp, #24]
  48 000e 0794     		str	r4, [sp, #28]
  45:Core/Src/gpio.c **** 
  46:Core/Src/gpio.c ****   /* GPIO Ports Clock Enable */
  47:Core/Src/gpio.c ****   __HAL_RCC_GPIOA_CLK_ENABLE();
  49              		.loc 1 47 3 is_stmt 1 view .LVU3
  50              	.LBB2:
  51              		.loc 1 47 3 view .LVU4
  52              		.loc 1 47 3 view .LVU5
  53 0010 1C4B     		ldr	r3, .L3
  54 0012 D3F8E020 		ldr	r2, [r3, #224]
  55 0016 42F00102 		orr	r2, r2, #1
  56 001a C3F8E020 		str	r2, [r3, #224]
  57              		.loc 1 47 3 view .LVU6
  58 001e D3F8E020 		ldr	r2, [r3, #224]
  59 0022 02F00102 		and	r2, r2, #1
  60 0026 0092     		str	r2, [sp]
  61              		.loc 1 47 3 view .LVU7
  62 0028 009A     		ldr	r2, [sp]
  63              	.LBE2:
  64              		.loc 1 47 3 view .LVU8
  48:Core/Src/gpio.c ****   __HAL_RCC_GPIOC_CLK_ENABLE();
  65              		.loc 1 48 3 view .LVU9
  66              	.LBB3:
  67              		.loc 1 48 3 view .LVU10
ARM GAS  /tmp/ccKJRyfT.s 			page 3


  68              		.loc 1 48 3 view .LVU11
  69 002a D3F8E020 		ldr	r2, [r3, #224]
  70 002e 42F00402 		orr	r2, r2, #4
  71 0032 C3F8E020 		str	r2, [r3, #224]
  72              		.loc 1 48 3 view .LVU12
  73 0036 D3F8E020 		ldr	r2, [r3, #224]
  74 003a 02F00402 		and	r2, r2, #4
  75 003e 0192     		str	r2, [sp, #4]
  76              		.loc 1 48 3 view .LVU13
  77 0040 019A     		ldr	r2, [sp, #4]
  78              	.LBE3:
  79              		.loc 1 48 3 view .LVU14
  49:Core/Src/gpio.c ****   __HAL_RCC_GPIOH_CLK_ENABLE();
  80              		.loc 1 49 3 view .LVU15
  81              	.LBB4:
  82              		.loc 1 49 3 view .LVU16
  83              		.loc 1 49 3 view .LVU17
  84 0042 D3F8E020 		ldr	r2, [r3, #224]
  85 0046 42F08002 		orr	r2, r2, #128
  86 004a C3F8E020 		str	r2, [r3, #224]
  87              		.loc 1 49 3 view .LVU18
  88 004e D3F8E030 		ldr	r3, [r3, #224]
  89 0052 03F08003 		and	r3, r3, #128
  90 0056 0293     		str	r3, [sp, #8]
  91              		.loc 1 49 3 view .LVU19
  92 0058 029B     		ldr	r3, [sp, #8]
  93              	.LBE4:
  94              		.loc 1 49 3 view .LVU20
  50:Core/Src/gpio.c **** 
  51:Core/Src/gpio.c ****   /*Configure GPIO pin Output Level */
  52:Core/Src/gpio.c ****   HAL_GPIO_WritePin(GPIOC, GPIO_PIN_15, GPIO_PIN_RESET);
  95              		.loc 1 52 3 view .LVU21
  96 005a 0B4D     		ldr	r5, .L3+4
  97 005c 2246     		mov	r2, r4
  98 005e 4FF40041 		mov	r1, #32768
  99 0062 2846     		mov	r0, r5
 100 0064 FFF7FEFF 		bl	HAL_GPIO_WritePin
 101              	.LVL0:
  53:Core/Src/gpio.c **** 
  54:Core/Src/gpio.c ****   /*Configure GPIO pin : PC15 */
  55:Core/Src/gpio.c ****   GPIO_InitStruct.Pin = GPIO_PIN_15;
 102              		.loc 1 55 3 view .LVU22
 103              		.loc 1 55 23 is_stmt 0 view .LVU23
 104 0068 4FF40043 		mov	r3, #32768
 105 006c 0393     		str	r3, [sp, #12]
  56:Core/Src/gpio.c ****   GPIO_InitStruct.Mode = GPIO_MODE_OUTPUT_PP;
 106              		.loc 1 56 3 is_stmt 1 view .LVU24
 107              		.loc 1 56 24 is_stmt 0 view .LVU25
 108 006e 0123     		movs	r3, #1
 109 0070 0493     		str	r3, [sp, #16]
  57:Core/Src/gpio.c ****   GPIO_InitStruct.Pull = GPIO_NOPULL;
 110              		.loc 1 57 3 is_stmt 1 view .LVU26
 111              		.loc 1 57 24 is_stmt 0 view .LVU27
 112 0072 0594     		str	r4, [sp, #20]
  58:Core/Src/gpio.c ****   GPIO_InitStruct.Speed = GPIO_SPEED_FREQ_LOW;
 113              		.loc 1 58 3 is_stmt 1 view .LVU28
 114              		.loc 1 58 25 is_stmt 0 view .LVU29
ARM GAS  /tmp/ccKJRyfT.s 			page 4


 115 0074 0694     		str	r4, [sp, #24]
  59:Core/Src/gpio.c ****   HAL_GPIO_Init(GPIOC, &GPIO_InitStruct);
 116              		.loc 1 59 3 is_stmt 1 view .LVU30
 117 0076 03A9     		add	r1, sp, #12
 118 0078 2846     		mov	r0, r5
 119 007a FFF7FEFF 		bl	HAL_GPIO_Init
 120              	.LVL1:
  60:Core/Src/gpio.c **** 
  61:Core/Src/gpio.c **** }
 121              		.loc 1 61 1 is_stmt 0 view .LVU31
 122 007e 09B0     		add	sp, sp, #36
 123              	.LCFI2:
 124              		.cfi_def_cfa_offset 12
 125              		@ sp needed
 126 0080 30BD     		pop	{r4, r5, pc}
 127              	.L4:
 128 0082 00BF     		.align	2
 129              	.L3:
 130 0084 00440258 		.word	1476543488
 131 0088 00080258 		.word	1476528128
 132              		.cfi_endproc
 133              	.LFE144:
 135              		.text
 136              	.Letext0:
 137              		.file 2 "/usr/lib/gcc/arm-none-eabi/10.3.1/include/stdint.h"
 138              		.file 3 "Drivers/CMSIS/Device/ST/STM32H7xx/Include/stm32h750xx.h"
 139              		.file 4 "Drivers/STM32H7xx_HAL_Driver/Inc/stm32h7xx_hal_gpio.h"
ARM GAS  /tmp/ccKJRyfT.s 			page 5


DEFINED SYMBOLS
                            *ABS*:0000000000000000 gpio.c
     /tmp/ccKJRyfT.s:17     .text.MX_GPIO_Init:0000000000000000 $t
     /tmp/ccKJRyfT.s:25     .text.MX_GPIO_Init:0000000000000000 MX_GPIO_Init
     /tmp/ccKJRyfT.s:130    .text.MX_GPIO_Init:0000000000000084 $d

UNDEFINED SYMBOLS
HAL_GPIO_WritePin
HAL_GPIO_Init
