ARM GAS  /tmp/ccG8f71e.s 			page 1


   1              		.cpu cortex-m7
   2              		.eabi_attribute 28, 1
   3              		.eabi_attribute 20, 1
   4              		.eabi_attribute 21, 1
   5              		.eabi_attribute 23, 3
   6              		.eabi_attribute 24, 1
   7              		.eabi_attribute 25, 1
   8              		.eabi_attribute 26, 1
   9              		.eabi_attribute 30, 1
  10              		.eabi_attribute 34, 1
  11              		.eabi_attribute 18, 4
  12              		.file	"main.c"
  13              		.text
  14              	.Ltext0:
  15              		.cfi_sections	.debug_frame
  16              		.section	.text.MPU_Config,"ax",%progbits
  17              		.align	1
  18              		.arch armv7e-m
  19              		.syntax unified
  20              		.thumb
  21              		.thumb_func
  22              		.fpu fpv5-d16
  24              	MPU_Config:
  25              	.LFB146:
  26              		.file 1 "Core/Src/main.c"
   1:Core/Src/main.c **** /* USER CODE BEGIN Header */
   2:Core/Src/main.c **** /**
   3:Core/Src/main.c ****  ******************************************************************************
   4:Core/Src/main.c ****  * @file           : main.c
   5:Core/Src/main.c ****  * @brief          : Main program body
   6:Core/Src/main.c ****  ******************************************************************************
   7:Core/Src/main.c ****  * @attention
   8:Core/Src/main.c ****  *
   9:Core/Src/main.c ****  * Copyright (c) 2023 STMicroelectronics.
  10:Core/Src/main.c ****  * All rights reserved.
  11:Core/Src/main.c ****  *
  12:Core/Src/main.c ****  * This software is licensed under terms that can be found in the LICENSE file
  13:Core/Src/main.c ****  * in the root directory of this software component.
  14:Core/Src/main.c ****  * If no LICENSE file comes with this software, it is provided AS-IS.
  15:Core/Src/main.c ****  *
  16:Core/Src/main.c ****  ******************************************************************************
  17:Core/Src/main.c ****  */
  18:Core/Src/main.c **** /* USER CODE END Header */
  19:Core/Src/main.c **** /* Includes ------------------------------------------------------------------*/
  20:Core/Src/main.c **** #include "main.h"
  21:Core/Src/main.c **** #include "gpio.h"
  22:Core/Src/main.c **** 
  23:Core/Src/main.c **** /* Private includes ----------------------------------------------------------*/
  24:Core/Src/main.c **** /* USER CODE BEGIN Includes */
  25:Core/Src/main.c **** 
  26:Core/Src/main.c **** /* USER CODE END Includes */
  27:Core/Src/main.c **** 
  28:Core/Src/main.c **** /* Private typedef -----------------------------------------------------------*/
  29:Core/Src/main.c **** /* USER CODE BEGIN PTD */
  30:Core/Src/main.c **** 
  31:Core/Src/main.c **** /* USER CODE END PTD */
  32:Core/Src/main.c **** 
ARM GAS  /tmp/ccG8f71e.s 			page 2


  33:Core/Src/main.c **** /* Private define ------------------------------------------------------------*/
  34:Core/Src/main.c **** /* USER CODE BEGIN PD */
  35:Core/Src/main.c **** 
  36:Core/Src/main.c **** /* USER CODE END PD */
  37:Core/Src/main.c **** 
  38:Core/Src/main.c **** /* Private macro -------------------------------------------------------------*/
  39:Core/Src/main.c **** /* USER CODE BEGIN PM */
  40:Core/Src/main.c **** 
  41:Core/Src/main.c **** /* USER CODE END PM */
  42:Core/Src/main.c **** 
  43:Core/Src/main.c **** /* Private variables ---------------------------------------------------------*/
  44:Core/Src/main.c **** 
  45:Core/Src/main.c **** /* USER CODE BEGIN PV */
  46:Core/Src/main.c **** 
  47:Core/Src/main.c **** /* USER CODE END PV */
  48:Core/Src/main.c **** 
  49:Core/Src/main.c **** /* Private function prototypes -----------------------------------------------*/
  50:Core/Src/main.c **** void SystemClock_Config(void);
  51:Core/Src/main.c **** static void MPU_Initialize(void);
  52:Core/Src/main.c **** static void MPU_Config(void);
  53:Core/Src/main.c **** /* USER CODE BEGIN PFP */
  54:Core/Src/main.c **** 
  55:Core/Src/main.c **** /* USER CODE END PFP */
  56:Core/Src/main.c **** 
  57:Core/Src/main.c **** /* Private user code ---------------------------------------------------------*/
  58:Core/Src/main.c **** /* USER CODE BEGIN 0 */
  59:Core/Src/main.c **** 
  60:Core/Src/main.c **** /* USER CODE END 0 */
  61:Core/Src/main.c **** 
  62:Core/Src/main.c **** /**
  63:Core/Src/main.c ****  * @brief  The application entry point.
  64:Core/Src/main.c ****  * @retval int
  65:Core/Src/main.c ****  */
  66:Core/Src/main.c **** int main(void)
  67:Core/Src/main.c **** {
  68:Core/Src/main.c ****   /* USER CODE BEGIN 1 */
  69:Core/Src/main.c **** 
  70:Core/Src/main.c ****   /* USER CODE END 1 */
  71:Core/Src/main.c **** 
  72:Core/Src/main.c ****   /* MCU Configuration--------------------------------------------------------*/
  73:Core/Src/main.c **** 
  74:Core/Src/main.c ****   /* Reset of all peripherals, Initializes the Flash interface and the Systick. */
  75:Core/Src/main.c ****   HAL_Init();
  76:Core/Src/main.c **** 
  77:Core/Src/main.c ****   /* MPU Configuration--------------------------------------------------------*/
  78:Core/Src/main.c ****   MPU_Config();
  79:Core/Src/main.c **** 
  80:Core/Src/main.c ****   /* USER CODE BEGIN Init */
  81:Core/Src/main.c **** 
  82:Core/Src/main.c ****   /* USER CODE END Init */
  83:Core/Src/main.c **** 
  84:Core/Src/main.c ****   /* Configure the system clock */
  85:Core/Src/main.c ****   SystemClock_Config();
  86:Core/Src/main.c **** 
  87:Core/Src/main.c ****   /* USER CODE BEGIN SysInit */
  88:Core/Src/main.c **** 
  89:Core/Src/main.c ****   /* USER CODE END SysInit */
ARM GAS  /tmp/ccG8f71e.s 			page 3


  90:Core/Src/main.c **** 
  91:Core/Src/main.c ****   /* Initialize all configured peripherals */
  92:Core/Src/main.c ****   MX_GPIO_Init();
  93:Core/Src/main.c ****   /* USER CODE BEGIN 2 */
  94:Core/Src/main.c **** 
  95:Core/Src/main.c ****   /* USER CODE END 2 */
  96:Core/Src/main.c **** 
  97:Core/Src/main.c ****   /* Infinite loop */
  98:Core/Src/main.c ****   /* USER CODE BEGIN WHILE */
  99:Core/Src/main.c ****   while (1)
 100:Core/Src/main.c ****   {
 101:Core/Src/main.c ****     /* USER CODE END WHILE */
 102:Core/Src/main.c **** 
 103:Core/Src/main.c ****     /* USER CODE BEGIN 3 */
 104:Core/Src/main.c ****     GPIOC->ODR ^= GPIO_PIN_15;
 105:Core/Src/main.c ****     HAL_Delay(500);
 106:Core/Src/main.c ****   }
 107:Core/Src/main.c ****   /* USER CODE END 3 */
 108:Core/Src/main.c **** }
 109:Core/Src/main.c **** 
 110:Core/Src/main.c **** /**
 111:Core/Src/main.c ****  * @brief System Clock Configuration
 112:Core/Src/main.c ****  * @retval None
 113:Core/Src/main.c ****  */
 114:Core/Src/main.c **** void SystemClock_Config(void)
 115:Core/Src/main.c **** {
 116:Core/Src/main.c ****   RCC_OscInitTypeDef RCC_OscInitStruct = {0};
 117:Core/Src/main.c ****   RCC_ClkInitTypeDef RCC_ClkInitStruct = {0};
 118:Core/Src/main.c ****   RCC_PeriphCLKInitTypeDef PeriphClkInitStruct = {0};
 119:Core/Src/main.c **** 
 120:Core/Src/main.c ****   /** Supply configuration update enable
 121:Core/Src/main.c ****    */
 122:Core/Src/main.c ****   HAL_PWREx_ConfigSupply(PWR_LDO_SUPPLY);
 123:Core/Src/main.c ****   /** Configure the main internal regulator output voltage
 124:Core/Src/main.c ****    */
 125:Core/Src/main.c ****   __HAL_PWR_VOLTAGESCALING_CONFIG(PWR_REGULATOR_VOLTAGE_SCALE0);
 126:Core/Src/main.c **** 
 127:Core/Src/main.c ****   while (!__HAL_PWR_GET_FLAG(PWR_FLAG_VOSRDY))
 128:Core/Src/main.c ****   {
 129:Core/Src/main.c ****   }
 130:Core/Src/main.c ****   /** Initializes the RCC Oscillators according to the specified parameters
 131:Core/Src/main.c ****    * in the RCC_OscInitTypeDef structure.
 132:Core/Src/main.c ****    */
 133:Core/Src/main.c ****   RCC_OscInitStruct.OscillatorType = RCC_OSCILLATORTYPE_HSI;
 134:Core/Src/main.c ****   RCC_OscInitStruct.HSIState = RCC_HSI_DIV1;
 135:Core/Src/main.c ****   RCC_OscInitStruct.HSICalibrationValue = RCC_HSICALIBRATION_DEFAULT;
 136:Core/Src/main.c ****   RCC_OscInitStruct.PLL.PLLState = RCC_PLL_ON;
 137:Core/Src/main.c ****   RCC_OscInitStruct.PLL.PLLSource = RCC_PLLSOURCE_HSI;
 138:Core/Src/main.c ****   RCC_OscInitStruct.PLL.PLLM = 4;
 139:Core/Src/main.c ****   RCC_OscInitStruct.PLL.PLLN = 60;
 140:Core/Src/main.c ****   RCC_OscInitStruct.PLL.PLLP = 2;
 141:Core/Src/main.c ****   RCC_OscInitStruct.PLL.PLLQ = 2;
 142:Core/Src/main.c ****   RCC_OscInitStruct.PLL.PLLR = 2;
 143:Core/Src/main.c ****   RCC_OscInitStruct.PLL.PLLRGE = RCC_PLL1VCIRANGE_3;
 144:Core/Src/main.c ****   RCC_OscInitStruct.PLL.PLLVCOSEL = RCC_PLL1VCOWIDE;
 145:Core/Src/main.c ****   RCC_OscInitStruct.PLL.PLLFRACN = 0;
 146:Core/Src/main.c ****   if (HAL_RCC_OscConfig(&RCC_OscInitStruct) != HAL_OK)
ARM GAS  /tmp/ccG8f71e.s 			page 4


 147:Core/Src/main.c ****   {
 148:Core/Src/main.c ****     Error_Handler();
 149:Core/Src/main.c ****   }
 150:Core/Src/main.c ****   /** Initializes the CPU, AHB and APB buses clocks
 151:Core/Src/main.c ****    */
 152:Core/Src/main.c ****   RCC_ClkInitStruct.ClockType = RCC_CLOCKTYPE_HCLK | RCC_CLOCKTYPE_SYSCLK | RCC_CLOCKTYPE_PCLK1 | R
 153:Core/Src/main.c ****   RCC_ClkInitStruct.SYSCLKSource = RCC_SYSCLKSOURCE_PLLCLK;
 154:Core/Src/main.c ****   RCC_ClkInitStruct.SYSCLKDivider = RCC_SYSCLK_DIV1;
 155:Core/Src/main.c ****   RCC_ClkInitStruct.AHBCLKDivider = RCC_HCLK_DIV2;
 156:Core/Src/main.c ****   RCC_ClkInitStruct.APB3CLKDivider = RCC_APB3_DIV2;
 157:Core/Src/main.c ****   RCC_ClkInitStruct.APB1CLKDivider = RCC_APB1_DIV2;
 158:Core/Src/main.c ****   RCC_ClkInitStruct.APB2CLKDivider = RCC_APB2_DIV2;
 159:Core/Src/main.c ****   RCC_ClkInitStruct.APB4CLKDivider = RCC_APB4_DIV2;
 160:Core/Src/main.c **** 
 161:Core/Src/main.c ****   if (HAL_RCC_ClockConfig(&RCC_ClkInitStruct, FLASH_LATENCY_4) != HAL_OK)
 162:Core/Src/main.c ****   {
 163:Core/Src/main.c ****     Error_Handler();
 164:Core/Src/main.c ****   }
 165:Core/Src/main.c ****   PeriphClkInitStruct.PeriphClockSelection = RCC_PERIPHCLK_UART4 | RCC_PERIPHCLK_SDMMC;
 166:Core/Src/main.c ****   PeriphClkInitStruct.SdmmcClockSelection = RCC_SDMMCCLKSOURCE_PLL;
 167:Core/Src/main.c ****   PeriphClkInitStruct.Usart234578ClockSelection = RCC_USART234578CLKSOURCE_D2PCLK1;
 168:Core/Src/main.c ****   if (HAL_RCCEx_PeriphCLKConfig(&PeriphClkInitStruct) != HAL_OK)
 169:Core/Src/main.c ****   {
 170:Core/Src/main.c ****     Error_Handler();
 171:Core/Src/main.c ****   }
 172:Core/Src/main.c **** }
 173:Core/Src/main.c **** 
 174:Core/Src/main.c **** /* USER CODE BEGIN 4 */
 175:Core/Src/main.c **** 
 176:Core/Src/main.c **** /* USER CODE END 4 */
 177:Core/Src/main.c **** 
 178:Core/Src/main.c **** /* MPU Configuration */
 179:Core/Src/main.c **** 
 180:Core/Src/main.c **** void MPU_Config(void)
 181:Core/Src/main.c **** {
  27              		.loc 1 181 1 view -0
  28              		.cfi_startproc
  29              		@ args = 0, pretend = 0, frame = 16
  30              		@ frame_needed = 0, uses_anonymous_args = 0
  31 0000 10B5     		push	{r4, lr}
  32              	.LCFI0:
  33              		.cfi_def_cfa_offset 8
  34              		.cfi_offset 4, -8
  35              		.cfi_offset 14, -4
  36 0002 84B0     		sub	sp, sp, #16
  37              	.LCFI1:
  38              		.cfi_def_cfa_offset 24
 182:Core/Src/main.c ****   MPU_Region_InitTypeDef MPU_InitStruct = {0};
  39              		.loc 1 182 3 view .LVU1
  40              		.loc 1 182 26 is_stmt 0 view .LVU2
  41 0004 0024     		movs	r4, #0
  42 0006 0094     		str	r4, [sp]
  43 0008 0194     		str	r4, [sp, #4]
  44 000a 0294     		str	r4, [sp, #8]
  45 000c 0394     		str	r4, [sp, #12]
 183:Core/Src/main.c **** 
 184:Core/Src/main.c ****   /* Disables the MPU */
ARM GAS  /tmp/ccG8f71e.s 			page 5


 185:Core/Src/main.c ****   HAL_MPU_Disable();
  46              		.loc 1 185 3 is_stmt 1 view .LVU3
  47 000e FFF7FEFF 		bl	HAL_MPU_Disable
  48              	.LVL0:
 186:Core/Src/main.c **** 
 187:Core/Src/main.c ****   /** Initializes and configures the Region and the memory to be protected
 188:Core/Src/main.c ****    */
 189:Core/Src/main.c ****   MPU_InitStruct.Enable = MPU_REGION_ENABLE;
  49              		.loc 1 189 3 view .LVU4
  50              		.loc 1 189 25 is_stmt 0 view .LVU5
  51 0012 0123     		movs	r3, #1
  52 0014 8DF80030 		strb	r3, [sp]
 190:Core/Src/main.c ****   MPU_InitStruct.Number = MPU_REGION_NUMBER0;
  53              		.loc 1 190 3 is_stmt 1 view .LVU6
  54              		.loc 1 190 25 is_stmt 0 view .LVU7
  55 0018 8DF80140 		strb	r4, [sp, #1]
 191:Core/Src/main.c ****   MPU_InitStruct.BaseAddress = 0x0;
  56              		.loc 1 191 3 is_stmt 1 view .LVU8
  57              		.loc 1 191 30 is_stmt 0 view .LVU9
  58 001c 0194     		str	r4, [sp, #4]
 192:Core/Src/main.c ****   MPU_InitStruct.Size = MPU_REGION_SIZE_4GB;
  59              		.loc 1 192 3 is_stmt 1 view .LVU10
  60              		.loc 1 192 23 is_stmt 0 view .LVU11
  61 001e 1F22     		movs	r2, #31
  62 0020 8DF80820 		strb	r2, [sp, #8]
 193:Core/Src/main.c ****   MPU_InitStruct.SubRegionDisable = 0x87;
  63              		.loc 1 193 3 is_stmt 1 view .LVU12
  64              		.loc 1 193 35 is_stmt 0 view .LVU13
  65 0024 8722     		movs	r2, #135
  66 0026 8DF80920 		strb	r2, [sp, #9]
 194:Core/Src/main.c ****   MPU_InitStruct.TypeExtField = MPU_TEX_LEVEL0;
  67              		.loc 1 194 3 is_stmt 1 view .LVU14
  68              		.loc 1 194 31 is_stmt 0 view .LVU15
  69 002a 8DF80A40 		strb	r4, [sp, #10]
 195:Core/Src/main.c ****   MPU_InitStruct.AccessPermission = MPU_REGION_NO_ACCESS;
  70              		.loc 1 195 3 is_stmt 1 view .LVU16
  71              		.loc 1 195 35 is_stmt 0 view .LVU17
  72 002e 8DF80B40 		strb	r4, [sp, #11]
 196:Core/Src/main.c ****   MPU_InitStruct.DisableExec = MPU_INSTRUCTION_ACCESS_DISABLE;
  73              		.loc 1 196 3 is_stmt 1 view .LVU18
  74              		.loc 1 196 30 is_stmt 0 view .LVU19
  75 0032 8DF80C30 		strb	r3, [sp, #12]
 197:Core/Src/main.c ****   MPU_InitStruct.IsShareable = MPU_ACCESS_SHAREABLE;
  76              		.loc 1 197 3 is_stmt 1 view .LVU20
  77              		.loc 1 197 30 is_stmt 0 view .LVU21
  78 0036 8DF80D30 		strb	r3, [sp, #13]
 198:Core/Src/main.c ****   MPU_InitStruct.IsCacheable = MPU_ACCESS_NOT_CACHEABLE;
  79              		.loc 1 198 3 is_stmt 1 view .LVU22
  80              		.loc 1 198 30 is_stmt 0 view .LVU23
  81 003a 8DF80E40 		strb	r4, [sp, #14]
 199:Core/Src/main.c ****   MPU_InitStruct.IsBufferable = MPU_ACCESS_NOT_BUFFERABLE;
  82              		.loc 1 199 3 is_stmt 1 view .LVU24
  83              		.loc 1 199 31 is_stmt 0 view .LVU25
  84 003e 8DF80F40 		strb	r4, [sp, #15]
 200:Core/Src/main.c **** 
 201:Core/Src/main.c ****   HAL_MPU_ConfigRegion(&MPU_InitStruct);
  85              		.loc 1 201 3 is_stmt 1 view .LVU26
ARM GAS  /tmp/ccG8f71e.s 			page 6


  86 0042 6846     		mov	r0, sp
  87 0044 FFF7FEFF 		bl	HAL_MPU_ConfigRegion
  88              	.LVL1:
 202:Core/Src/main.c ****   /* Enables the MPU */
 203:Core/Src/main.c ****   HAL_MPU_Enable(MPU_PRIVILEGED_DEFAULT);
  89              		.loc 1 203 3 view .LVU27
  90 0048 0420     		movs	r0, #4
  91 004a FFF7FEFF 		bl	HAL_MPU_Enable
  92              	.LVL2:
 204:Core/Src/main.c **** }
  93              		.loc 1 204 1 is_stmt 0 view .LVU28
  94 004e 04B0     		add	sp, sp, #16
  95              	.LCFI2:
  96              		.cfi_def_cfa_offset 8
  97              		@ sp needed
  98 0050 10BD     		pop	{r4, pc}
  99              		.cfi_endproc
 100              	.LFE146:
 102              		.section	.text.Error_Handler,"ax",%progbits
 103              		.align	1
 104              		.global	Error_Handler
 105              		.syntax unified
 106              		.thumb
 107              		.thumb_func
 108              		.fpu fpv5-d16
 110              	Error_Handler:
 111              	.LFB147:
 205:Core/Src/main.c **** 
 206:Core/Src/main.c **** /**
 207:Core/Src/main.c ****  * @brief  This function is executed in case of error occurrence.
 208:Core/Src/main.c ****  * @retval None
 209:Core/Src/main.c ****  */
 210:Core/Src/main.c **** void Error_Handler(void)
 211:Core/Src/main.c **** {
 112              		.loc 1 211 1 is_stmt 1 view -0
 113              		.cfi_startproc
 114              		@ Volatile: function does not return.
 115              		@ args = 0, pretend = 0, frame = 0
 116              		@ frame_needed = 0, uses_anonymous_args = 0
 117              		@ link register save eliminated.
 212:Core/Src/main.c ****   /* USER CODE BEGIN Error_Handler_Debug */
 213:Core/Src/main.c ****   /* User can add his own implementation to report the HAL error return state */
 214:Core/Src/main.c ****   __disable_irq();
 118              		.loc 1 214 3 view .LVU30
 119              	.LBB4:
 120              	.LBI4:
 121              		.file 2 "Drivers/CMSIS/Include/cmsis_gcc.h"
   1:Drivers/CMSIS/Include/cmsis_gcc.h **** /**************************************************************************//**
   2:Drivers/CMSIS/Include/cmsis_gcc.h ****  * @file     cmsis_gcc.h
   3:Drivers/CMSIS/Include/cmsis_gcc.h ****  * @brief    CMSIS compiler GCC header file
   4:Drivers/CMSIS/Include/cmsis_gcc.h ****  * @version  V5.2.0
   5:Drivers/CMSIS/Include/cmsis_gcc.h ****  * @date     08. May 2019
   6:Drivers/CMSIS/Include/cmsis_gcc.h ****  ******************************************************************************/
   7:Drivers/CMSIS/Include/cmsis_gcc.h **** /*
   8:Drivers/CMSIS/Include/cmsis_gcc.h ****  * Copyright (c) 2009-2019 Arm Limited. All rights reserved.
   9:Drivers/CMSIS/Include/cmsis_gcc.h ****  *
  10:Drivers/CMSIS/Include/cmsis_gcc.h ****  * SPDX-License-Identifier: Apache-2.0
ARM GAS  /tmp/ccG8f71e.s 			page 7


  11:Drivers/CMSIS/Include/cmsis_gcc.h ****  *
  12:Drivers/CMSIS/Include/cmsis_gcc.h ****  * Licensed under the Apache License, Version 2.0 (the License); you may
  13:Drivers/CMSIS/Include/cmsis_gcc.h ****  * not use this file except in compliance with the License.
  14:Drivers/CMSIS/Include/cmsis_gcc.h ****  * You may obtain a copy of the License at
  15:Drivers/CMSIS/Include/cmsis_gcc.h ****  *
  16:Drivers/CMSIS/Include/cmsis_gcc.h ****  * www.apache.org/licenses/LICENSE-2.0
  17:Drivers/CMSIS/Include/cmsis_gcc.h ****  *
  18:Drivers/CMSIS/Include/cmsis_gcc.h ****  * Unless required by applicable law or agreed to in writing, software
  19:Drivers/CMSIS/Include/cmsis_gcc.h ****  * distributed under the License is distributed on an AS IS BASIS, WITHOUT
  20:Drivers/CMSIS/Include/cmsis_gcc.h ****  * WARRANTIES OR CONDITIONS OF ANY KIND, either express or implied.
  21:Drivers/CMSIS/Include/cmsis_gcc.h ****  * See the License for the specific language governing permissions and
  22:Drivers/CMSIS/Include/cmsis_gcc.h ****  * limitations under the License.
  23:Drivers/CMSIS/Include/cmsis_gcc.h ****  */
  24:Drivers/CMSIS/Include/cmsis_gcc.h **** 
  25:Drivers/CMSIS/Include/cmsis_gcc.h **** #ifndef __CMSIS_GCC_H
  26:Drivers/CMSIS/Include/cmsis_gcc.h **** #define __CMSIS_GCC_H
  27:Drivers/CMSIS/Include/cmsis_gcc.h **** 
  28:Drivers/CMSIS/Include/cmsis_gcc.h **** /* ignore some GCC warnings */
  29:Drivers/CMSIS/Include/cmsis_gcc.h **** #pragma GCC diagnostic push
  30:Drivers/CMSIS/Include/cmsis_gcc.h **** #pragma GCC diagnostic ignored "-Wsign-conversion"
  31:Drivers/CMSIS/Include/cmsis_gcc.h **** #pragma GCC diagnostic ignored "-Wconversion"
  32:Drivers/CMSIS/Include/cmsis_gcc.h **** #pragma GCC diagnostic ignored "-Wunused-parameter"
  33:Drivers/CMSIS/Include/cmsis_gcc.h **** 
  34:Drivers/CMSIS/Include/cmsis_gcc.h **** /* Fallback for __has_builtin */
  35:Drivers/CMSIS/Include/cmsis_gcc.h **** #ifndef __has_builtin
  36:Drivers/CMSIS/Include/cmsis_gcc.h ****   #define __has_builtin(x) (0)
  37:Drivers/CMSIS/Include/cmsis_gcc.h **** #endif
  38:Drivers/CMSIS/Include/cmsis_gcc.h **** 
  39:Drivers/CMSIS/Include/cmsis_gcc.h **** /* CMSIS compiler specific defines */
  40:Drivers/CMSIS/Include/cmsis_gcc.h **** #ifndef   __ASM
  41:Drivers/CMSIS/Include/cmsis_gcc.h ****   #define __ASM                                  __asm
  42:Drivers/CMSIS/Include/cmsis_gcc.h **** #endif
  43:Drivers/CMSIS/Include/cmsis_gcc.h **** #ifndef   __INLINE
  44:Drivers/CMSIS/Include/cmsis_gcc.h ****   #define __INLINE                               inline
  45:Drivers/CMSIS/Include/cmsis_gcc.h **** #endif
  46:Drivers/CMSIS/Include/cmsis_gcc.h **** #ifndef   __STATIC_INLINE
  47:Drivers/CMSIS/Include/cmsis_gcc.h ****   #define __STATIC_INLINE                        static inline
  48:Drivers/CMSIS/Include/cmsis_gcc.h **** #endif
  49:Drivers/CMSIS/Include/cmsis_gcc.h **** #ifndef   __STATIC_FORCEINLINE                 
  50:Drivers/CMSIS/Include/cmsis_gcc.h ****   #define __STATIC_FORCEINLINE                   __attribute__((always_inline)) static inline
  51:Drivers/CMSIS/Include/cmsis_gcc.h **** #endif                                           
  52:Drivers/CMSIS/Include/cmsis_gcc.h **** #ifndef   __NO_RETURN
  53:Drivers/CMSIS/Include/cmsis_gcc.h ****   #define __NO_RETURN                            __attribute__((__noreturn__))
  54:Drivers/CMSIS/Include/cmsis_gcc.h **** #endif
  55:Drivers/CMSIS/Include/cmsis_gcc.h **** #ifndef   __USED
  56:Drivers/CMSIS/Include/cmsis_gcc.h ****   #define __USED                                 __attribute__((used))
  57:Drivers/CMSIS/Include/cmsis_gcc.h **** #endif
  58:Drivers/CMSIS/Include/cmsis_gcc.h **** #ifndef   __WEAK
  59:Drivers/CMSIS/Include/cmsis_gcc.h ****   #define __WEAK                                 __attribute__((weak))
  60:Drivers/CMSIS/Include/cmsis_gcc.h **** #endif
  61:Drivers/CMSIS/Include/cmsis_gcc.h **** #ifndef   __PACKED
  62:Drivers/CMSIS/Include/cmsis_gcc.h ****   #define __PACKED                               __attribute__((packed, aligned(1)))
  63:Drivers/CMSIS/Include/cmsis_gcc.h **** #endif
  64:Drivers/CMSIS/Include/cmsis_gcc.h **** #ifndef   __PACKED_STRUCT
  65:Drivers/CMSIS/Include/cmsis_gcc.h ****   #define __PACKED_STRUCT                        struct __attribute__((packed, aligned(1)))
  66:Drivers/CMSIS/Include/cmsis_gcc.h **** #endif
  67:Drivers/CMSIS/Include/cmsis_gcc.h **** #ifndef   __PACKED_UNION
ARM GAS  /tmp/ccG8f71e.s 			page 8


  68:Drivers/CMSIS/Include/cmsis_gcc.h ****   #define __PACKED_UNION                         union __attribute__((packed, aligned(1)))
  69:Drivers/CMSIS/Include/cmsis_gcc.h **** #endif
  70:Drivers/CMSIS/Include/cmsis_gcc.h **** #ifndef   __UNALIGNED_UINT32        /* deprecated */
  71:Drivers/CMSIS/Include/cmsis_gcc.h ****   #pragma GCC diagnostic push
  72:Drivers/CMSIS/Include/cmsis_gcc.h ****   #pragma GCC diagnostic ignored "-Wpacked"
  73:Drivers/CMSIS/Include/cmsis_gcc.h ****   #pragma GCC diagnostic ignored "-Wattributes"
  74:Drivers/CMSIS/Include/cmsis_gcc.h ****   struct __attribute__((packed)) T_UINT32 { uint32_t v; };
  75:Drivers/CMSIS/Include/cmsis_gcc.h ****   #pragma GCC diagnostic pop
  76:Drivers/CMSIS/Include/cmsis_gcc.h ****   #define __UNALIGNED_UINT32(x)                  (((struct T_UINT32 *)(x))->v)
  77:Drivers/CMSIS/Include/cmsis_gcc.h **** #endif
  78:Drivers/CMSIS/Include/cmsis_gcc.h **** #ifndef   __UNALIGNED_UINT16_WRITE
  79:Drivers/CMSIS/Include/cmsis_gcc.h ****   #pragma GCC diagnostic push
  80:Drivers/CMSIS/Include/cmsis_gcc.h ****   #pragma GCC diagnostic ignored "-Wpacked"
  81:Drivers/CMSIS/Include/cmsis_gcc.h ****   #pragma GCC diagnostic ignored "-Wattributes"
  82:Drivers/CMSIS/Include/cmsis_gcc.h ****   __PACKED_STRUCT T_UINT16_WRITE { uint16_t v; };
  83:Drivers/CMSIS/Include/cmsis_gcc.h ****   #pragma GCC diagnostic pop
  84:Drivers/CMSIS/Include/cmsis_gcc.h ****   #define __UNALIGNED_UINT16_WRITE(addr, val)    (void)((((struct T_UINT16_WRITE *)(void *)(addr))-
  85:Drivers/CMSIS/Include/cmsis_gcc.h **** #endif
  86:Drivers/CMSIS/Include/cmsis_gcc.h **** #ifndef   __UNALIGNED_UINT16_READ
  87:Drivers/CMSIS/Include/cmsis_gcc.h ****   #pragma GCC diagnostic push
  88:Drivers/CMSIS/Include/cmsis_gcc.h ****   #pragma GCC diagnostic ignored "-Wpacked"
  89:Drivers/CMSIS/Include/cmsis_gcc.h ****   #pragma GCC diagnostic ignored "-Wattributes"
  90:Drivers/CMSIS/Include/cmsis_gcc.h ****   __PACKED_STRUCT T_UINT16_READ { uint16_t v; };
  91:Drivers/CMSIS/Include/cmsis_gcc.h ****   #pragma GCC diagnostic pop
  92:Drivers/CMSIS/Include/cmsis_gcc.h ****   #define __UNALIGNED_UINT16_READ(addr)          (((const struct T_UINT16_READ *)(const void *)(add
  93:Drivers/CMSIS/Include/cmsis_gcc.h **** #endif
  94:Drivers/CMSIS/Include/cmsis_gcc.h **** #ifndef   __UNALIGNED_UINT32_WRITE
  95:Drivers/CMSIS/Include/cmsis_gcc.h ****   #pragma GCC diagnostic push
  96:Drivers/CMSIS/Include/cmsis_gcc.h ****   #pragma GCC diagnostic ignored "-Wpacked"
  97:Drivers/CMSIS/Include/cmsis_gcc.h ****   #pragma GCC diagnostic ignored "-Wattributes"
  98:Drivers/CMSIS/Include/cmsis_gcc.h ****   __PACKED_STRUCT T_UINT32_WRITE { uint32_t v; };
  99:Drivers/CMSIS/Include/cmsis_gcc.h ****   #pragma GCC diagnostic pop
 100:Drivers/CMSIS/Include/cmsis_gcc.h ****   #define __UNALIGNED_UINT32_WRITE(addr, val)    (void)((((struct T_UINT32_WRITE *)(void *)(addr))-
 101:Drivers/CMSIS/Include/cmsis_gcc.h **** #endif
 102:Drivers/CMSIS/Include/cmsis_gcc.h **** #ifndef   __UNALIGNED_UINT32_READ
 103:Drivers/CMSIS/Include/cmsis_gcc.h ****   #pragma GCC diagnostic push
 104:Drivers/CMSIS/Include/cmsis_gcc.h ****   #pragma GCC diagnostic ignored "-Wpacked"
 105:Drivers/CMSIS/Include/cmsis_gcc.h ****   #pragma GCC diagnostic ignored "-Wattributes"
 106:Drivers/CMSIS/Include/cmsis_gcc.h ****   __PACKED_STRUCT T_UINT32_READ { uint32_t v; };
 107:Drivers/CMSIS/Include/cmsis_gcc.h ****   #pragma GCC diagnostic pop
 108:Drivers/CMSIS/Include/cmsis_gcc.h ****   #define __UNALIGNED_UINT32_READ(addr)          (((const struct T_UINT32_READ *)(const void *)(add
 109:Drivers/CMSIS/Include/cmsis_gcc.h **** #endif
 110:Drivers/CMSIS/Include/cmsis_gcc.h **** #ifndef   __ALIGNED
 111:Drivers/CMSIS/Include/cmsis_gcc.h ****   #define __ALIGNED(x)                           __attribute__((aligned(x)))
 112:Drivers/CMSIS/Include/cmsis_gcc.h **** #endif
 113:Drivers/CMSIS/Include/cmsis_gcc.h **** #ifndef   __RESTRICT
 114:Drivers/CMSIS/Include/cmsis_gcc.h ****   #define __RESTRICT                             __restrict
 115:Drivers/CMSIS/Include/cmsis_gcc.h **** #endif
 116:Drivers/CMSIS/Include/cmsis_gcc.h **** #ifndef   __COMPILER_BARRIER
 117:Drivers/CMSIS/Include/cmsis_gcc.h ****   #define __COMPILER_BARRIER()                   __ASM volatile("":::"memory")
 118:Drivers/CMSIS/Include/cmsis_gcc.h **** #endif
 119:Drivers/CMSIS/Include/cmsis_gcc.h **** 
 120:Drivers/CMSIS/Include/cmsis_gcc.h **** /* #########################  Startup and Lowlevel Init  ######################## */
 121:Drivers/CMSIS/Include/cmsis_gcc.h **** 
 122:Drivers/CMSIS/Include/cmsis_gcc.h **** #ifndef __PROGRAM_START
 123:Drivers/CMSIS/Include/cmsis_gcc.h **** 
 124:Drivers/CMSIS/Include/cmsis_gcc.h **** /**
ARM GAS  /tmp/ccG8f71e.s 			page 9


 125:Drivers/CMSIS/Include/cmsis_gcc.h ****   \brief   Initializes data and bss sections
 126:Drivers/CMSIS/Include/cmsis_gcc.h ****   \details This default implementations initialized all data and additional bss
 127:Drivers/CMSIS/Include/cmsis_gcc.h ****            sections relying on .copy.table and .zero.table specified properly
 128:Drivers/CMSIS/Include/cmsis_gcc.h ****            in the used linker script.
 129:Drivers/CMSIS/Include/cmsis_gcc.h ****   
 130:Drivers/CMSIS/Include/cmsis_gcc.h ****  */
 131:Drivers/CMSIS/Include/cmsis_gcc.h **** __STATIC_FORCEINLINE __NO_RETURN void __cmsis_start(void)
 132:Drivers/CMSIS/Include/cmsis_gcc.h **** {
 133:Drivers/CMSIS/Include/cmsis_gcc.h ****   extern void _start(void) __NO_RETURN;
 134:Drivers/CMSIS/Include/cmsis_gcc.h ****   
 135:Drivers/CMSIS/Include/cmsis_gcc.h ****   typedef struct {
 136:Drivers/CMSIS/Include/cmsis_gcc.h ****     uint32_t const* src;
 137:Drivers/CMSIS/Include/cmsis_gcc.h ****     uint32_t* dest;
 138:Drivers/CMSIS/Include/cmsis_gcc.h ****     uint32_t  wlen;
 139:Drivers/CMSIS/Include/cmsis_gcc.h ****   } __copy_table_t;
 140:Drivers/CMSIS/Include/cmsis_gcc.h ****   
 141:Drivers/CMSIS/Include/cmsis_gcc.h ****   typedef struct {
 142:Drivers/CMSIS/Include/cmsis_gcc.h ****     uint32_t* dest;
 143:Drivers/CMSIS/Include/cmsis_gcc.h ****     uint32_t  wlen;
 144:Drivers/CMSIS/Include/cmsis_gcc.h ****   } __zero_table_t;
 145:Drivers/CMSIS/Include/cmsis_gcc.h ****   
 146:Drivers/CMSIS/Include/cmsis_gcc.h ****   extern const __copy_table_t __copy_table_start__;
 147:Drivers/CMSIS/Include/cmsis_gcc.h ****   extern const __copy_table_t __copy_table_end__;
 148:Drivers/CMSIS/Include/cmsis_gcc.h ****   extern const __zero_table_t __zero_table_start__;
 149:Drivers/CMSIS/Include/cmsis_gcc.h ****   extern const __zero_table_t __zero_table_end__;
 150:Drivers/CMSIS/Include/cmsis_gcc.h **** 
 151:Drivers/CMSIS/Include/cmsis_gcc.h ****   for (__copy_table_t const* pTable = &__copy_table_start__; pTable < &__copy_table_end__; ++pTable
 152:Drivers/CMSIS/Include/cmsis_gcc.h ****     for(uint32_t i=0u; i<pTable->wlen; ++i) {
 153:Drivers/CMSIS/Include/cmsis_gcc.h ****       pTable->dest[i] = pTable->src[i];
 154:Drivers/CMSIS/Include/cmsis_gcc.h ****     }
 155:Drivers/CMSIS/Include/cmsis_gcc.h ****   }
 156:Drivers/CMSIS/Include/cmsis_gcc.h ****  
 157:Drivers/CMSIS/Include/cmsis_gcc.h ****   for (__zero_table_t const* pTable = &__zero_table_start__; pTable < &__zero_table_end__; ++pTable
 158:Drivers/CMSIS/Include/cmsis_gcc.h ****     for(uint32_t i=0u; i<pTable->wlen; ++i) {
 159:Drivers/CMSIS/Include/cmsis_gcc.h ****       pTable->dest[i] = 0u;
 160:Drivers/CMSIS/Include/cmsis_gcc.h ****     }
 161:Drivers/CMSIS/Include/cmsis_gcc.h ****   }
 162:Drivers/CMSIS/Include/cmsis_gcc.h ****  
 163:Drivers/CMSIS/Include/cmsis_gcc.h ****   _start();
 164:Drivers/CMSIS/Include/cmsis_gcc.h **** }
 165:Drivers/CMSIS/Include/cmsis_gcc.h ****   
 166:Drivers/CMSIS/Include/cmsis_gcc.h **** #define __PROGRAM_START           __cmsis_start
 167:Drivers/CMSIS/Include/cmsis_gcc.h **** #endif
 168:Drivers/CMSIS/Include/cmsis_gcc.h **** 
 169:Drivers/CMSIS/Include/cmsis_gcc.h **** #ifndef __INITIAL_SP
 170:Drivers/CMSIS/Include/cmsis_gcc.h **** #define __INITIAL_SP              __StackTop
 171:Drivers/CMSIS/Include/cmsis_gcc.h **** #endif
 172:Drivers/CMSIS/Include/cmsis_gcc.h **** 
 173:Drivers/CMSIS/Include/cmsis_gcc.h **** #ifndef __STACK_LIMIT
 174:Drivers/CMSIS/Include/cmsis_gcc.h **** #define __STACK_LIMIT             __StackLimit
 175:Drivers/CMSIS/Include/cmsis_gcc.h **** #endif
 176:Drivers/CMSIS/Include/cmsis_gcc.h **** 
 177:Drivers/CMSIS/Include/cmsis_gcc.h **** #ifndef __VECTOR_TABLE
 178:Drivers/CMSIS/Include/cmsis_gcc.h **** #define __VECTOR_TABLE            __Vectors
 179:Drivers/CMSIS/Include/cmsis_gcc.h **** #endif
 180:Drivers/CMSIS/Include/cmsis_gcc.h **** 
 181:Drivers/CMSIS/Include/cmsis_gcc.h **** #ifndef __VECTOR_TABLE_ATTRIBUTE
ARM GAS  /tmp/ccG8f71e.s 			page 10


 182:Drivers/CMSIS/Include/cmsis_gcc.h **** #define __VECTOR_TABLE_ATTRIBUTE  __attribute((used, section(".vectors")))
 183:Drivers/CMSIS/Include/cmsis_gcc.h **** #endif
 184:Drivers/CMSIS/Include/cmsis_gcc.h **** 
 185:Drivers/CMSIS/Include/cmsis_gcc.h **** /* ###########################  Core Function Access  ########################### */
 186:Drivers/CMSIS/Include/cmsis_gcc.h **** /** \ingroup  CMSIS_Core_FunctionInterface
 187:Drivers/CMSIS/Include/cmsis_gcc.h ****     \defgroup CMSIS_Core_RegAccFunctions CMSIS Core Register Access Functions
 188:Drivers/CMSIS/Include/cmsis_gcc.h ****   @{
 189:Drivers/CMSIS/Include/cmsis_gcc.h ****  */
 190:Drivers/CMSIS/Include/cmsis_gcc.h **** 
 191:Drivers/CMSIS/Include/cmsis_gcc.h **** /**
 192:Drivers/CMSIS/Include/cmsis_gcc.h ****   \brief   Enable IRQ Interrupts
 193:Drivers/CMSIS/Include/cmsis_gcc.h ****   \details Enables IRQ interrupts by clearing the I-bit in the CPSR.
 194:Drivers/CMSIS/Include/cmsis_gcc.h ****            Can only be executed in Privileged modes.
 195:Drivers/CMSIS/Include/cmsis_gcc.h ****  */
 196:Drivers/CMSIS/Include/cmsis_gcc.h **** __STATIC_FORCEINLINE void __enable_irq(void)
 197:Drivers/CMSIS/Include/cmsis_gcc.h **** {
 198:Drivers/CMSIS/Include/cmsis_gcc.h ****   __ASM volatile ("cpsie i" : : : "memory");
 199:Drivers/CMSIS/Include/cmsis_gcc.h **** }
 200:Drivers/CMSIS/Include/cmsis_gcc.h **** 
 201:Drivers/CMSIS/Include/cmsis_gcc.h **** 
 202:Drivers/CMSIS/Include/cmsis_gcc.h **** /**
 203:Drivers/CMSIS/Include/cmsis_gcc.h ****   \brief   Disable IRQ Interrupts
 204:Drivers/CMSIS/Include/cmsis_gcc.h ****   \details Disables IRQ interrupts by setting the I-bit in the CPSR.
 205:Drivers/CMSIS/Include/cmsis_gcc.h ****            Can only be executed in Privileged modes.
 206:Drivers/CMSIS/Include/cmsis_gcc.h ****  */
 207:Drivers/CMSIS/Include/cmsis_gcc.h **** __STATIC_FORCEINLINE void __disable_irq(void)
 122              		.loc 2 207 27 view .LVU31
 123              	.LBB5:
 208:Drivers/CMSIS/Include/cmsis_gcc.h **** {
 209:Drivers/CMSIS/Include/cmsis_gcc.h ****   __ASM volatile ("cpsid i" : : : "memory");
 124              		.loc 2 209 3 view .LVU32
 125              		.syntax unified
 126              	@ 209 "Drivers/CMSIS/Include/cmsis_gcc.h" 1
 127 0000 72B6     		cpsid i
 128              	@ 0 "" 2
 129              		.thumb
 130              		.syntax unified
 131              	.L4:
 132              	.LBE5:
 133              	.LBE4:
 215:Core/Src/main.c ****   while (1)
 134              		.loc 1 215 3 discriminator 1 view .LVU33
 216:Core/Src/main.c ****   {
 217:Core/Src/main.c ****   }
 135              		.loc 1 217 3 discriminator 1 view .LVU34
 215:Core/Src/main.c ****   while (1)
 136              		.loc 1 215 9 discriminator 1 view .LVU35
 137 0002 FEE7     		b	.L4
 138              		.cfi_endproc
 139              	.LFE147:
 141              		.section	.text.SystemClock_Config,"ax",%progbits
 142              		.align	1
 143              		.global	SystemClock_Config
 144              		.syntax unified
 145              		.thumb
 146              		.thumb_func
 147              		.fpu fpv5-d16
ARM GAS  /tmp/ccG8f71e.s 			page 11


 149              	SystemClock_Config:
 150              	.LFB145:
 115:Core/Src/main.c ****   RCC_OscInitTypeDef RCC_OscInitStruct = {0};
 151              		.loc 1 115 1 view -0
 152              		.cfi_startproc
 153              		@ args = 0, pretend = 0, frame = 312
 154              		@ frame_needed = 0, uses_anonymous_args = 0
 155 0000 00B5     		push	{lr}
 156              	.LCFI3:
 157              		.cfi_def_cfa_offset 4
 158              		.cfi_offset 14, -4
 159 0002 CFB0     		sub	sp, sp, #316
 160              	.LCFI4:
 161              		.cfi_def_cfa_offset 320
 116:Core/Src/main.c ****   RCC_ClkInitTypeDef RCC_ClkInitStruct = {0};
 162              		.loc 1 116 3 view .LVU37
 116:Core/Src/main.c ****   RCC_ClkInitTypeDef RCC_ClkInitStruct = {0};
 163              		.loc 1 116 22 is_stmt 0 view .LVU38
 164 0004 4C22     		movs	r2, #76
 165 0006 0021     		movs	r1, #0
 166 0008 3BA8     		add	r0, sp, #236
 167 000a FFF7FEFF 		bl	memset
 168              	.LVL3:
 117:Core/Src/main.c ****   RCC_PeriphCLKInitTypeDef PeriphClkInitStruct = {0};
 169              		.loc 1 117 3 is_stmt 1 view .LVU39
 117:Core/Src/main.c ****   RCC_PeriphCLKInitTypeDef PeriphClkInitStruct = {0};
 170              		.loc 1 117 22 is_stmt 0 view .LVU40
 171 000e 2022     		movs	r2, #32
 172 0010 0021     		movs	r1, #0
 173 0012 33A8     		add	r0, sp, #204
 174 0014 FFF7FEFF 		bl	memset
 175              	.LVL4:
 118:Core/Src/main.c **** 
 176              		.loc 1 118 3 is_stmt 1 view .LVU41
 118:Core/Src/main.c **** 
 177              		.loc 1 118 28 is_stmt 0 view .LVU42
 178 0018 C022     		movs	r2, #192
 179 001a 0021     		movs	r1, #0
 180 001c 02A8     		add	r0, sp, #8
 181 001e FFF7FEFF 		bl	memset
 182              	.LVL5:
 122:Core/Src/main.c ****   /** Configure the main internal regulator output voltage
 183              		.loc 1 122 3 is_stmt 1 view .LVU43
 184 0022 0220     		movs	r0, #2
 185 0024 FFF7FEFF 		bl	HAL_PWREx_ConfigSupply
 186              	.LVL6:
 125:Core/Src/main.c **** 
 187              		.loc 1 125 3 view .LVU44
 188              	.LBB6:
 125:Core/Src/main.c **** 
 189              		.loc 1 125 3 view .LVU45
 190 0028 0023     		movs	r3, #0
 191 002a 0193     		str	r3, [sp, #4]
 125:Core/Src/main.c **** 
 192              		.loc 1 125 3 view .LVU46
 125:Core/Src/main.c **** 
 193              		.loc 1 125 3 view .LVU47
ARM GAS  /tmp/ccG8f71e.s 			page 12


 194 002c 2B4B     		ldr	r3, .L14
 195 002e 9A69     		ldr	r2, [r3, #24]
 196 0030 42F44042 		orr	r2, r2, #49152
 197 0034 9A61     		str	r2, [r3, #24]
 125:Core/Src/main.c **** 
 198              		.loc 1 125 3 view .LVU48
 199 0036 9B69     		ldr	r3, [r3, #24]
 200 0038 03F44043 		and	r3, r3, #49152
 201 003c 0193     		str	r3, [sp, #4]
 125:Core/Src/main.c **** 
 202              		.loc 1 125 3 view .LVU49
 203 003e 284B     		ldr	r3, .L14+4
 204 0040 DA6A     		ldr	r2, [r3, #44]
 205 0042 42F00102 		orr	r2, r2, #1
 206 0046 DA62     		str	r2, [r3, #44]
 125:Core/Src/main.c **** 
 207              		.loc 1 125 3 view .LVU50
 208 0048 DB6A     		ldr	r3, [r3, #44]
 209 004a 03F00103 		and	r3, r3, #1
 210 004e 0193     		str	r3, [sp, #4]
 125:Core/Src/main.c **** 
 211              		.loc 1 125 3 view .LVU51
 212 0050 019B     		ldr	r3, [sp, #4]
 213              	.LBE6:
 125:Core/Src/main.c **** 
 214              		.loc 1 125 3 view .LVU52
 127:Core/Src/main.c ****   {
 215              		.loc 1 127 3 view .LVU53
 216              	.L6:
 129:Core/Src/main.c ****   /** Initializes the RCC Oscillators according to the specified parameters
 217              		.loc 1 129 3 discriminator 1 view .LVU54
 127:Core/Src/main.c ****   {
 218              		.loc 1 127 9 discriminator 1 view .LVU55
 127:Core/Src/main.c ****   {
 219              		.loc 1 127 11 is_stmt 0 discriminator 1 view .LVU56
 220 0052 224B     		ldr	r3, .L14
 221 0054 9B69     		ldr	r3, [r3, #24]
 127:Core/Src/main.c ****   {
 222              		.loc 1 127 9 discriminator 1 view .LVU57
 223 0056 13F4005F 		tst	r3, #8192
 224 005a FAD0     		beq	.L6
 133:Core/Src/main.c ****   RCC_OscInitStruct.HSIState = RCC_HSI_DIV1;
 225              		.loc 1 133 3 is_stmt 1 view .LVU58
 133:Core/Src/main.c ****   RCC_OscInitStruct.HSIState = RCC_HSI_DIV1;
 226              		.loc 1 133 36 is_stmt 0 view .LVU59
 227 005c 0223     		movs	r3, #2
 228 005e 3B93     		str	r3, [sp, #236]
 134:Core/Src/main.c ****   RCC_OscInitStruct.HSICalibrationValue = RCC_HSICALIBRATION_DEFAULT;
 229              		.loc 1 134 3 is_stmt 1 view .LVU60
 134:Core/Src/main.c ****   RCC_OscInitStruct.HSICalibrationValue = RCC_HSICALIBRATION_DEFAULT;
 230              		.loc 1 134 30 is_stmt 0 view .LVU61
 231 0060 0122     		movs	r2, #1
 232 0062 3E92     		str	r2, [sp, #248]
 135:Core/Src/main.c ****   RCC_OscInitStruct.PLL.PLLState = RCC_PLL_ON;
 233              		.loc 1 135 3 is_stmt 1 view .LVU62
 135:Core/Src/main.c ****   RCC_OscInitStruct.PLL.PLLState = RCC_PLL_ON;
 234              		.loc 1 135 41 is_stmt 0 view .LVU63
ARM GAS  /tmp/ccG8f71e.s 			page 13


 235 0064 4022     		movs	r2, #64
 236 0066 3F92     		str	r2, [sp, #252]
 136:Core/Src/main.c ****   RCC_OscInitStruct.PLL.PLLSource = RCC_PLLSOURCE_HSI;
 237              		.loc 1 136 3 is_stmt 1 view .LVU64
 136:Core/Src/main.c ****   RCC_OscInitStruct.PLL.PLLSource = RCC_PLLSOURCE_HSI;
 238              		.loc 1 136 34 is_stmt 0 view .LVU65
 239 0068 4493     		str	r3, [sp, #272]
 137:Core/Src/main.c ****   RCC_OscInitStruct.PLL.PLLM = 4;
 240              		.loc 1 137 3 is_stmt 1 view .LVU66
 137:Core/Src/main.c ****   RCC_OscInitStruct.PLL.PLLM = 4;
 241              		.loc 1 137 35 is_stmt 0 view .LVU67
 242 006a 0022     		movs	r2, #0
 243 006c 4592     		str	r2, [sp, #276]
 138:Core/Src/main.c ****   RCC_OscInitStruct.PLL.PLLN = 60;
 244              		.loc 1 138 3 is_stmt 1 view .LVU68
 138:Core/Src/main.c ****   RCC_OscInitStruct.PLL.PLLN = 60;
 245              		.loc 1 138 30 is_stmt 0 view .LVU69
 246 006e 0421     		movs	r1, #4
 247 0070 4691     		str	r1, [sp, #280]
 139:Core/Src/main.c ****   RCC_OscInitStruct.PLL.PLLP = 2;
 248              		.loc 1 139 3 is_stmt 1 view .LVU70
 139:Core/Src/main.c ****   RCC_OscInitStruct.PLL.PLLP = 2;
 249              		.loc 1 139 30 is_stmt 0 view .LVU71
 250 0072 3C21     		movs	r1, #60
 251 0074 4791     		str	r1, [sp, #284]
 140:Core/Src/main.c ****   RCC_OscInitStruct.PLL.PLLQ = 2;
 252              		.loc 1 140 3 is_stmt 1 view .LVU72
 140:Core/Src/main.c ****   RCC_OscInitStruct.PLL.PLLQ = 2;
 253              		.loc 1 140 30 is_stmt 0 view .LVU73
 254 0076 4893     		str	r3, [sp, #288]
 141:Core/Src/main.c ****   RCC_OscInitStruct.PLL.PLLR = 2;
 255              		.loc 1 141 3 is_stmt 1 view .LVU74
 141:Core/Src/main.c ****   RCC_OscInitStruct.PLL.PLLR = 2;
 256              		.loc 1 141 30 is_stmt 0 view .LVU75
 257 0078 4993     		str	r3, [sp, #292]
 142:Core/Src/main.c ****   RCC_OscInitStruct.PLL.PLLRGE = RCC_PLL1VCIRANGE_3;
 258              		.loc 1 142 3 is_stmt 1 view .LVU76
 142:Core/Src/main.c ****   RCC_OscInitStruct.PLL.PLLRGE = RCC_PLL1VCIRANGE_3;
 259              		.loc 1 142 30 is_stmt 0 view .LVU77
 260 007a 4A93     		str	r3, [sp, #296]
 143:Core/Src/main.c ****   RCC_OscInitStruct.PLL.PLLVCOSEL = RCC_PLL1VCOWIDE;
 261              		.loc 1 143 3 is_stmt 1 view .LVU78
 143:Core/Src/main.c ****   RCC_OscInitStruct.PLL.PLLVCOSEL = RCC_PLL1VCOWIDE;
 262              		.loc 1 143 32 is_stmt 0 view .LVU79
 263 007c 0C23     		movs	r3, #12
 264 007e 4B93     		str	r3, [sp, #300]
 144:Core/Src/main.c ****   RCC_OscInitStruct.PLL.PLLFRACN = 0;
 265              		.loc 1 144 3 is_stmt 1 view .LVU80
 144:Core/Src/main.c ****   RCC_OscInitStruct.PLL.PLLFRACN = 0;
 266              		.loc 1 144 35 is_stmt 0 view .LVU81
 267 0080 4C92     		str	r2, [sp, #304]
 145:Core/Src/main.c ****   if (HAL_RCC_OscConfig(&RCC_OscInitStruct) != HAL_OK)
 268              		.loc 1 145 3 is_stmt 1 view .LVU82
 145:Core/Src/main.c ****   if (HAL_RCC_OscConfig(&RCC_OscInitStruct) != HAL_OK)
 269              		.loc 1 145 34 is_stmt 0 view .LVU83
 270 0082 4D92     		str	r2, [sp, #308]
 146:Core/Src/main.c ****   {
ARM GAS  /tmp/ccG8f71e.s 			page 14


 271              		.loc 1 146 3 is_stmt 1 view .LVU84
 146:Core/Src/main.c ****   {
 272              		.loc 1 146 7 is_stmt 0 view .LVU85
 273 0084 3BA8     		add	r0, sp, #236
 274 0086 FFF7FEFF 		bl	HAL_RCC_OscConfig
 275              	.LVL7:
 146:Core/Src/main.c ****   {
 276              		.loc 1 146 6 view .LVU86
 277 008a 08BB     		cbnz	r0, .L11
 152:Core/Src/main.c ****   RCC_ClkInitStruct.SYSCLKSource = RCC_SYSCLKSOURCE_PLLCLK;
 278              		.loc 1 152 3 is_stmt 1 view .LVU87
 152:Core/Src/main.c ****   RCC_ClkInitStruct.SYSCLKSource = RCC_SYSCLKSOURCE_PLLCLK;
 279              		.loc 1 152 31 is_stmt 0 view .LVU88
 280 008c 3F23     		movs	r3, #63
 281 008e 3393     		str	r3, [sp, #204]
 153:Core/Src/main.c ****   RCC_ClkInitStruct.SYSCLKDivider = RCC_SYSCLK_DIV1;
 282              		.loc 1 153 3 is_stmt 1 view .LVU89
 153:Core/Src/main.c ****   RCC_ClkInitStruct.SYSCLKDivider = RCC_SYSCLK_DIV1;
 283              		.loc 1 153 34 is_stmt 0 view .LVU90
 284 0090 0323     		movs	r3, #3
 285 0092 3493     		str	r3, [sp, #208]
 154:Core/Src/main.c ****   RCC_ClkInitStruct.AHBCLKDivider = RCC_HCLK_DIV2;
 286              		.loc 1 154 3 is_stmt 1 view .LVU91
 154:Core/Src/main.c ****   RCC_ClkInitStruct.AHBCLKDivider = RCC_HCLK_DIV2;
 287              		.loc 1 154 35 is_stmt 0 view .LVU92
 288 0094 0023     		movs	r3, #0
 289 0096 3593     		str	r3, [sp, #212]
 155:Core/Src/main.c ****   RCC_ClkInitStruct.APB3CLKDivider = RCC_APB3_DIV2;
 290              		.loc 1 155 3 is_stmt 1 view .LVU93
 155:Core/Src/main.c ****   RCC_ClkInitStruct.APB3CLKDivider = RCC_APB3_DIV2;
 291              		.loc 1 155 35 is_stmt 0 view .LVU94
 292 0098 0823     		movs	r3, #8
 293 009a 3693     		str	r3, [sp, #216]
 156:Core/Src/main.c ****   RCC_ClkInitStruct.APB1CLKDivider = RCC_APB1_DIV2;
 294              		.loc 1 156 3 is_stmt 1 view .LVU95
 156:Core/Src/main.c ****   RCC_ClkInitStruct.APB1CLKDivider = RCC_APB1_DIV2;
 295              		.loc 1 156 36 is_stmt 0 view .LVU96
 296 009c 4023     		movs	r3, #64
 297 009e 3793     		str	r3, [sp, #220]
 157:Core/Src/main.c ****   RCC_ClkInitStruct.APB2CLKDivider = RCC_APB2_DIV2;
 298              		.loc 1 157 3 is_stmt 1 view .LVU97
 157:Core/Src/main.c ****   RCC_ClkInitStruct.APB2CLKDivider = RCC_APB2_DIV2;
 299              		.loc 1 157 36 is_stmt 0 view .LVU98
 300 00a0 3893     		str	r3, [sp, #224]
 158:Core/Src/main.c ****   RCC_ClkInitStruct.APB4CLKDivider = RCC_APB4_DIV2;
 301              		.loc 1 158 3 is_stmt 1 view .LVU99
 158:Core/Src/main.c ****   RCC_ClkInitStruct.APB4CLKDivider = RCC_APB4_DIV2;
 302              		.loc 1 158 36 is_stmt 0 view .LVU100
 303 00a2 4FF48062 		mov	r2, #1024
 304 00a6 3992     		str	r2, [sp, #228]
 159:Core/Src/main.c **** 
 305              		.loc 1 159 3 is_stmt 1 view .LVU101
 159:Core/Src/main.c **** 
 306              		.loc 1 159 36 is_stmt 0 view .LVU102
 307 00a8 3A93     		str	r3, [sp, #232]
 161:Core/Src/main.c ****   {
 308              		.loc 1 161 3 is_stmt 1 view .LVU103
ARM GAS  /tmp/ccG8f71e.s 			page 15


 161:Core/Src/main.c ****   {
 309              		.loc 1 161 7 is_stmt 0 view .LVU104
 310 00aa 0421     		movs	r1, #4
 311 00ac 33A8     		add	r0, sp, #204
 312 00ae FFF7FEFF 		bl	HAL_RCC_ClockConfig
 313              	.LVL8:
 161:Core/Src/main.c ****   {
 314              		.loc 1 161 6 view .LVU105
 315 00b2 78B9     		cbnz	r0, .L12
 165:Core/Src/main.c ****   PeriphClkInitStruct.SdmmcClockSelection = RCC_SDMMCCLKSOURCE_PLL;
 316              		.loc 1 165 3 is_stmt 1 view .LVU106
 165:Core/Src/main.c ****   PeriphClkInitStruct.SdmmcClockSelection = RCC_SDMMCCLKSOURCE_PLL;
 317              		.loc 1 165 44 is_stmt 0 view .LVU107
 318 00b4 0B4A     		ldr	r2, .L14+8
 319 00b6 0023     		movs	r3, #0
 320 00b8 CDE90223 		strd	r2, [sp, #8]
 166:Core/Src/main.c ****   PeriphClkInitStruct.Usart234578ClockSelection = RCC_USART234578CLKSOURCE_D2PCLK1;
 321              		.loc 1 166 3 is_stmt 1 view .LVU108
 166:Core/Src/main.c ****   PeriphClkInitStruct.Usart234578ClockSelection = RCC_USART234578CLKSOURCE_D2PCLK1;
 322              		.loc 1 166 43 is_stmt 0 view .LVU109
 323 00bc 0023     		movs	r3, #0
 324 00be 1693     		str	r3, [sp, #88]
 167:Core/Src/main.c ****   if (HAL_RCCEx_PeriphCLKConfig(&PeriphClkInitStruct) != HAL_OK)
 325              		.loc 1 167 3 is_stmt 1 view .LVU110
 167:Core/Src/main.c ****   if (HAL_RCCEx_PeriphCLKConfig(&PeriphClkInitStruct) != HAL_OK)
 326              		.loc 1 167 49 is_stmt 0 view .LVU111
 327 00c0 2093     		str	r3, [sp, #128]
 168:Core/Src/main.c ****   {
 328              		.loc 1 168 3 is_stmt 1 view .LVU112
 168:Core/Src/main.c ****   {
 329              		.loc 1 168 7 is_stmt 0 view .LVU113
 330 00c2 02A8     		add	r0, sp, #8
 331 00c4 FFF7FEFF 		bl	HAL_RCCEx_PeriphCLKConfig
 332              	.LVL9:
 168:Core/Src/main.c ****   {
 333              		.loc 1 168 6 view .LVU114
 334 00c8 30B9     		cbnz	r0, .L13
 172:Core/Src/main.c **** 
 335              		.loc 1 172 1 view .LVU115
 336 00ca 4FB0     		add	sp, sp, #316
 337              	.LCFI5:
 338              		.cfi_remember_state
 339              		.cfi_def_cfa_offset 4
 340              		@ sp needed
 341 00cc 5DF804FB 		ldr	pc, [sp], #4
 342              	.L11:
 343              	.LCFI6:
 344              		.cfi_restore_state
 148:Core/Src/main.c ****   }
 345              		.loc 1 148 5 is_stmt 1 view .LVU116
 346 00d0 FFF7FEFF 		bl	Error_Handler
 347              	.LVL10:
 348              	.L12:
 163:Core/Src/main.c ****   }
 349              		.loc 1 163 5 view .LVU117
 350 00d4 FFF7FEFF 		bl	Error_Handler
 351              	.LVL11:
ARM GAS  /tmp/ccG8f71e.s 			page 16


 352              	.L13:
 170:Core/Src/main.c ****   }
 353              		.loc 1 170 5 view .LVU118
 354 00d8 FFF7FEFF 		bl	Error_Handler
 355              	.LVL12:
 356              	.L15:
 357              		.align	2
 358              	.L14:
 359 00dc 00480258 		.word	1476544512
 360 00e0 00040058 		.word	1476396032
 361 00e4 02000100 		.word	65538
 362              		.cfi_endproc
 363              	.LFE145:
 365              		.section	.text.main,"ax",%progbits
 366              		.align	1
 367              		.global	main
 368              		.syntax unified
 369              		.thumb
 370              		.thumb_func
 371              		.fpu fpv5-d16
 373              	main:
 374              	.LFB144:
  67:Core/Src/main.c ****   /* USER CODE BEGIN 1 */
 375              		.loc 1 67 1 view -0
 376              		.cfi_startproc
 377              		@ Volatile: function does not return.
 378              		@ args = 0, pretend = 0, frame = 0
 379              		@ frame_needed = 0, uses_anonymous_args = 0
 380 0000 08B5     		push	{r3, lr}
 381              	.LCFI7:
 382              		.cfi_def_cfa_offset 8
 383              		.cfi_offset 3, -8
 384              		.cfi_offset 14, -4
  75:Core/Src/main.c **** 
 385              		.loc 1 75 3 view .LVU120
 386 0002 FFF7FEFF 		bl	HAL_Init
 387              	.LVL13:
  78:Core/Src/main.c **** 
 388              		.loc 1 78 3 view .LVU121
 389 0006 FFF7FEFF 		bl	MPU_Config
 390              	.LVL14:
  85:Core/Src/main.c **** 
 391              		.loc 1 85 3 view .LVU122
 392 000a FFF7FEFF 		bl	SystemClock_Config
 393              	.LVL15:
  92:Core/Src/main.c ****   /* USER CODE BEGIN 2 */
 394              		.loc 1 92 3 view .LVU123
 395 000e FFF7FEFF 		bl	MX_GPIO_Init
 396              	.LVL16:
 397              	.L17:
  99:Core/Src/main.c ****   {
 398              		.loc 1 99 3 discriminator 1 view .LVU124
 104:Core/Src/main.c ****     HAL_Delay(500);
 399              		.loc 1 104 5 discriminator 1 view .LVU125
 104:Core/Src/main.c ****     HAL_Delay(500);
 400              		.loc 1 104 16 is_stmt 0 discriminator 1 view .LVU126
 401 0012 054A     		ldr	r2, .L19
ARM GAS  /tmp/ccG8f71e.s 			page 17


 402 0014 5369     		ldr	r3, [r2, #20]
 403 0016 83F40043 		eor	r3, r3, #32768
 404 001a 5361     		str	r3, [r2, #20]
 105:Core/Src/main.c ****   }
 405              		.loc 1 105 5 is_stmt 1 discriminator 1 view .LVU127
 406 001c 4FF4FA70 		mov	r0, #500
 407 0020 FFF7FEFF 		bl	HAL_Delay
 408              	.LVL17:
  99:Core/Src/main.c ****   {
 409              		.loc 1 99 9 discriminator 1 view .LVU128
 410 0024 F5E7     		b	.L17
 411              	.L20:
 412 0026 00BF     		.align	2
 413              	.L19:
 414 0028 00080258 		.word	1476528128
 415              		.cfi_endproc
 416              	.LFE144:
 418              		.text
 419              	.Letext0:
 420              		.file 3 "/usr/lib/gcc/arm-none-eabi/10.3.1/include/stdint.h"
 421              		.file 4 "Drivers/CMSIS/Device/ST/STM32H7xx/Include/stm32h750xx.h"
 422              		.file 5 "Drivers/STM32H7xx_HAL_Driver/Inc/stm32h7xx_hal_rcc.h"
 423              		.file 6 "Drivers/STM32H7xx_HAL_Driver/Inc/stm32h7xx_hal_rcc_ex.h"
 424              		.file 7 "Drivers/STM32H7xx_HAL_Driver/Inc/stm32h7xx_hal_cortex.h"
 425              		.file 8 "Drivers/STM32H7xx_HAL_Driver/Inc/stm32h7xx_hal_pwr_ex.h"
 426              		.file 9 "Drivers/STM32H7xx_HAL_Driver/Inc/stm32h7xx_hal.h"
 427              		.file 10 "Core/Inc/gpio.h"
 428              		.file 11 "Drivers/STM32H7xx_HAL_Driver/Inc/stm32h7xx_hal_def.h"
 429              		.file 12 "<built-in>"
ARM GAS  /tmp/ccG8f71e.s 			page 18


DEFINED SYMBOLS
                            *ABS*:0000000000000000 main.c
     /tmp/ccG8f71e.s:17     .text.MPU_Config:0000000000000000 $t
     /tmp/ccG8f71e.s:24     .text.MPU_Config:0000000000000000 MPU_Config
     /tmp/ccG8f71e.s:103    .text.Error_Handler:0000000000000000 $t
     /tmp/ccG8f71e.s:110    .text.Error_Handler:0000000000000000 Error_Handler
     /tmp/ccG8f71e.s:142    .text.SystemClock_Config:0000000000000000 $t
     /tmp/ccG8f71e.s:149    .text.SystemClock_Config:0000000000000000 SystemClock_Config
     /tmp/ccG8f71e.s:359    .text.SystemClock_Config:00000000000000dc $d
     /tmp/ccG8f71e.s:366    .text.main:0000000000000000 $t
     /tmp/ccG8f71e.s:373    .text.main:0000000000000000 main
     /tmp/ccG8f71e.s:414    .text.main:0000000000000028 $d

UNDEFINED SYMBOLS
HAL_MPU_Disable
HAL_MPU_ConfigRegion
HAL_MPU_Enable
memset
HAL_PWREx_ConfigSupply
HAL_RCC_OscConfig
HAL_RCC_ClockConfig
HAL_RCCEx_PeriphCLKConfig
HAL_Init
MX_GPIO_Init
HAL_Delay
